1608677058741	geckodriver	INFO	Listening on 127.0.0.1:52522
1608677061832	mozrunner::runner	INFO	Running command: "C:\\Program Files\\Mozilla Firefox\\firefox.exe" "--marionette" "-foreground" "-no-remote" "-profile" "C:\\Users\\ochoa\\AppData\\Local\\Temp\\rust_mozprofileUH2uUu"
Can't find symbol 'eglSwapBuffersWithDamageEXT'.
Can't find symbol 'eglSetDamageRegionKHR'.
console.warn: SearchSettings: "get: No settings file exists, new profile?" (new Error("", "(unknown module)"))
1608677065470	Marionette	INFO	Listening on port 52530
1608677066007	Marionette	WARN	TLS certificate errors will be ignored for this session
1608677146538	geckodriver	INFO	Listening on 127.0.0.1:52597
1608677149632	mozrunner::runner	INFO	Running command: "C:\\Program Files\\Mozilla Firefox\\firefox.exe" "--marionette" "-foreground" "-no-remote" "-profile" "C:\\Users\\ochoa\\AppData\\Local\\Temp\\rust_mozprofile9ESclP"
Can't find symbol 'eglSwapBuffersWithDamageEXT'.
Can't find symbol 'eglSetDamageRegionKHR'.
console.warn: SearchSettings: "get: No settings file exists, new profile?" (new Error("", "(unknown module)"))
1608677153269	Marionette	INFO	Listening on port 52607
1608677153806	Marionette	WARN	TLS certificate errors will be ignored for this session
console.warn: "Async method failed in safeAsyncMethod" (new Error("Connection closed, pending request to server0.conn0.child3/domwalker25, type cancelPick failed\n\nRequest stack:\nrequest@resource://devtools/shared/protocol/Front.js:288:14\ngenerateRequestMethods/</frontProto[name]@resource://devtools/shared/protocol/Front/FrontClassWithSpec.js:46:19\ncancelPick@resource://devtools/client/fronts/walker.js:617:18\nexports.safeAsyncMethod/<@resource://devtools/shared/async-utils.js:57:25\n_onInspectorFrontDestroyed@resource://devtools/client/inspector/node-picker.js:112:18\n_emit@resource://devtools/shared/event-emitter.js:226:34\nemit@resource://devtools/shared/event-emitter.js:172:18\nemit@resource://devtools/shared/event-emitter.js:324:18\nunmanage@resource://devtools/shared/protocol/Front.js:168:37\ndestroy@resource://devtools/shared/protocol/Pool.js:167:14\nbaseFrontClassDestroy@resource://devtools/shared/protocol/Front.js:103:13\ndestroy@resource://devtools/shared/protocol/Front.js:67:10\ndestroy@resource://devtools/client/fronts/inspector.js:96:11\n_destroyTarget@resource://devtools/client/fronts/targets/target-mixin.js:604:17\n", "resource://devtools/shared/protocol/Front.js", 99))
1608677362604	geckodriver	INFO	Listening on 127.0.0.1:52742
1608677365699	mozrunner::runner	INFO	Running command: "C:\\Program Files\\Mozilla Firefox\\firefox.exe" "--marionette" "-foreground" "-no-remote" "-profile" "C:\\Users\\ochoa\\AppData\\Local\\Temp\\rust_mozprofileGqbSg3"
Can't find symbol 'eglSwapBuffersWithDamageEXT'.
Can't find symbol 'eglSetDamageRegionKHR'.
console.warn: SearchSettings: "get: No settings file exists, new profile?" (new Error("", "(unknown module)"))
1608677369292	Marionette	INFO	Listening on port 52750
1608677369383	Marionette	WARN	TLS certificate errors will be ignored for this session
1608677387589	geckodriver	INFO	Listening on 127.0.0.1:52811
1608677390672	mozrunner::runner	INFO	Running command: "C:\\Program Files\\Mozilla Firefox\\firefox.exe" "--marionette" "-foreground" "-no-remote" "-profile" "C:\\Users\\ochoa\\AppData\\Local\\Temp\\rust_mozprofilecMv2c3"
Can't find symbol 'eglSwapBuffersWithDamageEXT'.
Can't find symbol 'eglSetDamageRegionKHR'.
console.warn: SearchSettings: "get: No settings file exists, new profile?" (new Error("", "(unknown module)"))
1608677394394	Marionette	INFO	Listening on port 52819
1608677394836	Marionette	WARN	TLS certificate errors will be ignored for this session
1608677673910	geckodriver	INFO	Listening on 127.0.0.1:52985
1608677677022	mozrunner::runner	INFO	Running command: "C:\\Program Files\\Mozilla Firefox\\firefox.exe" "--marionette" "-foreground" "-no-remote" "-profile" "C:\\Users\\ochoa\\AppData\\Local\\Temp\\rust_mozprofileH5VkTX"
Can't find symbol 'eglSwapBuffersWithDamageEXT'.
Can't find symbol 'eglSetDamageRegionKHR'.
console.warn: SearchSettings: "get: No settings file exists, new profile?" (new Error("", "(unknown module)"))
1608677680895	Marionette	INFO	Listening on port 52993
1608677681205	Marionette	WARN	TLS certificate errors will be ignored for this session
Can't find symbol 'eglSwapBuffersWithDamageEXT'.
Can't find symbol 'eglSetDamageRegionKHR'.
1608677689383	Marionette	INFO	Stopped listening on port 52993

###!!! [Child][RunMessage] Error: Channel closing: too late to send/recv, messages will be lost

1608678160685	geckodriver	INFO	Listening on 127.0.0.1:53232
1608678163764	mozrunner::runner	INFO	Running command: "C:\\Program Files\\Mozilla Firefox\\firefox.exe" "--marionette" "-foreground" "-no-remote" "-profile" "C:\\Users\\ochoa\\AppData\\Local\\Temp\\rust_mozprofile0Df10K"
Can't find symbol 'eglSwapBuffersWithDamageEXT'.
Can't find symbol 'eglSetDamageRegionKHR'.
console.warn: SearchSettings: "get: No settings file exists, new profile?" (new Error("", "(unknown module)"))
1608678167724	Marionette	INFO	Listening on port 53242
1608678167907	Marionette	WARN	TLS certificate errors will be ignored for this session
1608678171699	Marionette	INFO	Stopped listening on port 53242

###!!! [Child][RunMessage] Error: Channel closing: too late to send/recv, messages will be lost

1608705655801	geckodriver	INFO	Listening on 127.0.0.1:52741
1608705658874	mozrunner::runner	INFO	Running command: "C:\\Program Files\\Mozilla Firefox\\firefox.exe" "--marionette" "-foreground" "-no-remote" "-profile" "C:\\Users\\ochoa\\AppData\\Local\\Temp\\rust_mozprofile1e6SNH"
Can't find symbol 'eglSwapBuffersWithDamageEXT'.
Can't find symbol 'eglSetDamageRegionKHR'.
console.warn: SearchSettings: "get: No settings file exists, new profile?" (new Error("", "(unknown module)"))
1608705660955	Marionette	INFO	Listening on port 52751
1608705661012	Marionette	WARN	TLS certificate errors will be ignored for this session
1608705662110	Marionette	INFO	Stopped listening on port 52751
JavaScript error: resource://activity-stream/lib/ASRouter.jsm, line 987: NS_ERROR_ILLEGAL_VALUE: Component returned failure code: 0x80070057 (NS_ERROR_ILLEGAL_VALUE) [nsIObserverService.removeObserver]

###!!! [Child][RunMessage] Error: Channel closing: too late to send/recv, messages will be lost

1608705753766	geckodriver	INFO	Listening on 127.0.0.1:52855
1608705756827	mozrunner::runner	INFO	Running command: "C:\\Program Files\\Mozilla Firefox\\firefox.exe" "--marionette" "-foreground" "-no-remote" "-profile" "C:\\Users\\ochoa\\AppData\\Local\\Temp\\rust_mozprofileQILAlJ"
Can't find symbol 'eglSwapBuffersWithDamageEXT'.
Can't find symbol 'eglSetDamageRegionKHR'.
console.warn: SearchSettings: "get: No settings file exists, new profile?" (new Error("", "(unknown module)"))
1608705758778	Marionette	INFO	Listening on port 52865
1608705758868	Marionette	WARN	TLS certificate errors will be ignored for this session
1608705759922	Marionette	INFO	Stopped listening on port 52865

###!!! [Child][RunMessage] Error: Channel closing: too late to send/recv, messages will be lost

1608705884963	geckodriver	INFO	Listening on 127.0.0.1:53020
1608705888020	mozrunner::runner	INFO	Running command: "C:\\Program Files\\Mozilla Firefox\\firefox.exe" "--marionette" "-foreground" "-no-remote" "-profile" "C:\\Users\\ochoa\\AppData\\Local\\Temp\\rust_mozprofilehdzykO"
Can't find symbol 'eglSwapBuffersWithDamageEXT'.
Can't find symbol 'eglSetDamageRegionKHR'.
console.warn: SearchSettings: "get: No settings file exists, new profile?" (new Error("", "(unknown module)"))
1608705890049	Marionette	INFO	Listening on port 53029
1608705890155	Marionette	WARN	TLS certificate errors will be ignored for this session
1608705891262	Marionette	INFO	Stopped listening on port 53029

###!!! [Child][RunMessage] Error: Channel closing: too late to send/recv, messages will be lost

1608705988687	geckodriver	INFO	Listening on 127.0.0.1:53132
1608705991746	mozrunner::runner	INFO	Running command: "C:\\Program Files\\Mozilla Firefox\\firefox.exe" "--marionette" "-foreground" "-no-remote" "-profile" "C:\\Users\\ochoa\\AppData\\Local\\Temp\\rust_mozprofilejJn4fa"
Can't find symbol 'eglSwapBuffersWithDamageEXT'.
Can't find symbol 'eglSetDamageRegionKHR'.
console.warn: SearchSettings: "get: No settings file exists, new profile?" (new Error("", "(unknown module)"))
1608705993667	Marionette	INFO	Listening on port 53144
1608705993770	Marionette	WARN	TLS certificate errors will be ignored for this session
1608705994819	Marionette	INFO	Stopped listening on port 53144
JavaScript error: resource://activity-stream/lib/ASRouter.jsm, line 987: NS_ERROR_ILLEGAL_VALUE: Component returned failure code: 0x80070057 (NS_ERROR_ILLEGAL_VALUE) [nsIObserverService.removeObserver]

###!!! [Child][RunMessage] Error: Channel closing: too late to send/recv, messages will be lost

1608706109168	geckodriver	INFO	Listening on 127.0.0.1:53259
1608706112226	mozrunner::runner	INFO	Running command: "C:\\Program Files\\Mozilla Firefox\\firefox.exe" "--marionette" "-foreground" "-no-remote" "-profile" "C:\\Users\\ochoa\\AppData\\Local\\Temp\\rust_mozprofile8p2rA9"
Can't find symbol 'eglSwapBuffersWithDamageEXT'.
Can't find symbol 'eglSetDamageRegionKHR'.
console.warn: SearchSettings: "get: No settings file exists, new profile?" (new Error("", "(unknown module)"))
1608706114202	Marionette	INFO	Listening on port 53272
1608706114259	Marionette	WARN	TLS certificate errors will be ignored for this session
1608706115423	Marionette	INFO	Stopped listening on port 53272
JavaScript error: resource://activity-stream/lib/ASRouter.jsm, line 987: NS_ERROR_ILLEGAL_VALUE: Component returned failure code: 0x80070057 (NS_ERROR_ILLEGAL_VALUE) [nsIObserverService.removeObserver]
[Parent 43152, Gecko_IOThread] WARNING: file /builds/worker/checkouts/gecko/ipc/chromium/src/base/process_util_win.cc:166

###!!! [Child][RunMessage] Error: Channel closing: too late to send/recv, messages will be lost

1608706133733	geckodriver	INFO	Listening on 127.0.0.1:53351
1608706136826	mozrunner::runner	INFO	Running command: "C:\\Program Files\\Mozilla Firefox\\firefox.exe" "--marionette" "-foreground" "-no-remote" "-profile" "C:\\Users\\ochoa\\AppData\\Local\\Temp\\rust_mozprofilemqiIfG"
Can't find symbol 'eglSwapBuffersWithDamageEXT'.
Can't find symbol 'eglSetDamageRegionKHR'.
console.warn: SearchSettings: "get: No settings file exists, new profile?" (new Error("", "(unknown module)"))
1608706138864	Marionette	INFO	Listening on port 53360
1608706138952	Marionette	WARN	TLS certificate errors will be ignored for this session
1608706140072	Marionette	INFO	Stopped listening on port 53360

###!!! [Child][RunMessage] Error: Channel closing: too late to send/recv, messages will be lost

1608706169744	geckodriver	INFO	Listening on 127.0.0.1:53436
1608706172803	mozrunner::runner	INFO	Running command: "C:\\Program Files\\Mozilla Firefox\\firefox.exe" "--marionette" "-foreground" "-no-remote" "-profile" "C:\\Users\\ochoa\\AppData\\Local\\Temp\\rust_mozprofileeGsoFn"
Can't find symbol 'eglSwapBuffersWithDamageEXT'.
Can't find symbol 'eglSetDamageRegionKHR'.
console.warn: SearchSettings: "get: No settings file exists, new profile?" (new Error("", "(unknown module)"))
1608706174832	Marionette	INFO	Listening on port 53445
1608706174926	Marionette	WARN	TLS certificate errors will be ignored for this session
1608706176251	Marionette	INFO	Stopped listening on port 53445

###!!! [Child][RunMessage] Error: Channel closing: too late to send/recv, messages will be lost

1608706289426	geckodriver	INFO	Listening on 127.0.0.1:53567
1608706292484	mozrunner::runner	INFO	Running command: "C:\\Program Files\\Mozilla Firefox\\firefox.exe" "--marionette" "-foreground" "-no-remote" "-profile" "C:\\Users\\ochoa\\AppData\\Local\\Temp\\rust_mozprofileVCR04V"
Can't find symbol 'eglSwapBuffersWithDamageEXT'.
Can't find symbol 'eglSetDamageRegionKHR'.
console.warn: SearchSettings: "get: No settings file exists, new profile?" (new Error("", "(unknown module)"))
1608706294419	Marionette	INFO	Listening on port 53577
1608706294510	Marionette	WARN	TLS certificate errors will be ignored for this session
1608706295615	Marionette	INFO	Stopped listening on port 53577
JavaScript error: resource://activity-stream/lib/ASRouter.jsm, line 987: NS_ERROR_ILLEGAL_VALUE: Component returned failure code: 0x80070057 (NS_ERROR_ILLEGAL_VALUE) [nsIObserverService.removeObserver]

###!!! [Child][RunMessage] Error: Channel closing: too late to send/recv, messages will be lost

1608706327876	geckodriver	INFO	Listening on 127.0.0.1:53650
1608706330937	mozrunner::runner	INFO	Running command: "C:\\Program Files\\Mozilla Firefox\\firefox.exe" "--marionette" "-foreground" "-no-remote" "-profile" "C:\\Users\\ochoa\\AppData\\Local\\Temp\\rust_mozprofileC1zmiO"
Can't find symbol 'eglSwapBuffersWithDamageEXT'.
Can't find symbol 'eglSetDamageRegionKHR'.
console.warn: SearchSettings: "get: No settings file exists, new profile?" (new Error("", "(unknown module)"))
1608706332898	Marionette	INFO	Listening on port 53659
1608706332961	Marionette	WARN	TLS certificate errors will be ignored for this session
1608706334210	Marionette	INFO	Stopped listening on port 53659

###!!! [Child][RunMessage] Error: Channel closing: too late to send/recv, messages will be lost

1608706449449	geckodriver	INFO	Listening on 127.0.0.1:53794
1608706452509	mozrunner::runner	INFO	Running command: "C:\\Program Files\\Mozilla Firefox\\firefox.exe" "--marionette" "-foreground" "-no-remote" "-profile" "C:\\Users\\ochoa\\AppData\\Local\\Temp\\rust_mozprofileMCTVKm"
Can't find symbol 'eglSwapBuffersWithDamageEXT'.
Can't find symbol 'eglSetDamageRegionKHR'.
console.warn: SearchSettings: "get: No settings file exists, new profile?" (new Error("", "(unknown module)"))
1608706454477	Marionette	INFO	Listening on port 53803
1608706454541	Marionette	WARN	TLS certificate errors will be ignored for this session
1608706455776	Marionette	INFO	Stopped listening on port 53803
JavaScript error: resource://activity-stream/lib/ASRouter.jsm, line 987: NS_ERROR_ILLEGAL_VALUE: Component returned failure code: 0x80070057 (NS_ERROR_ILLEGAL_VALUE) [nsIObserverService.removeObserver]
console.error: services.settings: 
  main/whats-new-panel Signature failed  TypeError: NetworkError when attempting to fetch resource.

###!!! [Child][RunMessage] Error: Channel closing: too late to send/recv, messages will be lost

1608706543951	geckodriver	INFO	Listening on 127.0.0.1:53916
1608706547002	mozrunner::runner	INFO	Running command: "C:\\Program Files\\Mozilla Firefox\\firefox.exe" "--marionette" "-foreground" "-no-remote" "-profile" "C:\\Users\\ochoa\\AppData\\Local\\Temp\\rust_mozprofile2D0Nsn"
Can't find symbol 'eglSwapBuffersWithDamageEXT'.
Can't find symbol 'eglSetDamageRegionKHR'.
console.warn: SearchSettings: "get: No settings file exists, new profile?" (new Error("", "(unknown module)"))
1608706549117	Marionette	INFO	Listening on port 53928
1608706549625	Marionette	WARN	TLS certificate errors will be ignored for this session
1608706550649	Marionette	INFO	Stopped listening on port 53928

###!!! [Child][RunMessage] Error: Channel closing: too late to send/recv, messages will be lost

1608706568744	geckodriver	INFO	Listening on 127.0.0.1:53993
1608706571802	mozrunner::runner	INFO	Running command: "C:\\Program Files\\Mozilla Firefox\\firefox.exe" "--marionette" "-foreground" "-no-remote" "-profile" "C:\\Users\\ochoa\\AppData\\Local\\Temp\\rust_mozprofileChW24n"
Can't find symbol 'eglSwapBuffersWithDamageEXT'.
Can't find symbol 'eglSetDamageRegionKHR'.
console.warn: SearchSettings: "get: No settings file exists, new profile?" (new Error("", "(unknown module)"))
1608706573873	Marionette	INFO	Listening on port 54002
1608706573930	Marionette	WARN	TLS certificate errors will be ignored for this session
1608706580069	Marionette	INFO	Stopped listening on port 54002

###!!! [Child][RunMessage] Error: Channel closing: too late to send/recv, messages will be lost

1608706593573	geckodriver	INFO	Listening on 127.0.0.1:54078
1608706596648	mozrunner::runner	INFO	Running command: "C:\\Program Files\\Mozilla Firefox\\firefox.exe" "--marionette" "-foreground" "-no-remote" "-profile" "C:\\Users\\ochoa\\AppData\\Local\\Temp\\rust_mozprofilerS2JEn"
Can't find symbol 'eglSwapBuffersWithDamageEXT'.
Can't find symbol 'eglSetDamageRegionKHR'.
console.warn: SearchSettings: "get: No settings file exists, new profile?" (new Error("", "(unknown module)"))
1608706598741	Marionette	INFO	Listening on port 54089
1608706598795	Marionette	WARN	TLS certificate errors will be ignored for this session
1608706635771	Marionette	INFO	Stopped listening on port 54089

###!!! [Child][RunMessage] Error: Channel closing: too late to send/recv, messages will be lost

1608706761276	geckodriver	INFO	Listening on 127.0.0.1:54262
1608706764336	mozrunner::runner	INFO	Running command: "C:\\Program Files\\Mozilla Firefox\\firefox.exe" "--marionette" "-foreground" "-no-remote" "-profile" "C:\\Users\\ochoa\\AppData\\Local\\Temp\\rust_mozprofile0jKDLu"
Can't find symbol 'eglSwapBuffersWithDamageEXT'.
Can't find symbol 'eglSetDamageRegionKHR'.
console.warn: SearchSettings: "get: No settings file exists, new profile?" (new Error("", "(unknown module)"))
1608706766368	Marionette	INFO	Listening on port 54272
1608706766465	Marionette	WARN	TLS certificate errors will be ignored for this session
1608706767625	Marionette	INFO	Stopped listening on port 54272

###!!! [Child][RunMessage] Error: Channel closing: too late to send/recv, messages will be lost

1608706860213	geckodriver	INFO	Listening on 127.0.0.1:54379
1608706863275	mozrunner::runner	INFO	Running command: "C:\\Program Files\\Mozilla Firefox\\firefox.exe" "--marionette" "-foreground" "-no-remote" "-profile" "C:\\Users\\ochoa\\AppData\\Local\\Temp\\rust_mozprofile3dxX5N"
Can't find symbol 'eglSwapBuffersWithDamageEXT'.
Can't find symbol 'eglSetDamageRegionKHR'.
console.warn: SearchSettings: "get: No settings file exists, new profile?" (new Error("", "(unknown module)"))
1608706865199	Marionette	INFO	Listening on port 54388
1608706865299	Marionette	WARN	TLS certificate errors will be ignored for this session
JavaScript error: resource://activity-stream/lib/ASRouter.jsm, line 987: NS_ERROR_ILLEGAL_VALUE: Component returned failure code: 0x80070057 (NS_ERROR_ILLEGAL_VALUE) [nsIObserverService.removeObserver]
1608706866138	Marionette	INFO	Stopped listening on port 54388

###!!! [Child][RunMessage] Error: Channel closing: too late to send/recv, messages will be lost

1608706889812	geckodriver	INFO	Listening on 127.0.0.1:54448
1608706892864	mozrunner::runner	INFO	Running command: "C:\\Program Files\\Mozilla Firefox\\firefox.exe" "--marionette" "-foreground" "-no-remote" "-profile" "C:\\Users\\ochoa\\AppData\\Local\\Temp\\rust_mozprofilevF4JH9"
Can't find symbol 'eglSwapBuffersWithDamageEXT'.
Can't find symbol 'eglSetDamageRegionKHR'.
console.warn: SearchSettings: "get: No settings file exists, new profile?" (new Error("", "(unknown module)"))
1608706894810	Marionette	INFO	Listening on port 54458
1608706894884	Marionette	WARN	TLS certificate errors will be ignored for this session
1608706896440	Marionette	INFO	Stopped listening on port 54458

###!!! [Child][RunMessage] Error: Channel closing: too late to send/recv, messages will be lost

1608707216772	geckodriver	INFO	Listening on 127.0.0.1:54715
1608707219822	mozrunner::runner	INFO	Running command: "C:\\Program Files\\Mozilla Firefox\\firefox.exe" "--marionette" "-foreground" "-no-remote" "-profile" "C:\\Users\\ochoa\\AppData\\Local\\Temp\\rust_mozprofilexTsjMI"
Can't find symbol 'eglSwapBuffersWithDamageEXT'.
Can't find symbol 'eglSetDamageRegionKHR'.
console.warn: SearchSettings: "get: No settings file exists, new profile?" (new Error("", "(unknown module)"))
1608707221776	Marionette	INFO	Listening on port 54726
1608707221848	Marionette	WARN	TLS certificate errors will be ignored for this session
1608707223016	Marionette	INFO	Stopped listening on port 54726

###!!! [Child][RunMessage] Error: Channel closing: too late to send/recv, messages will be lost

1608707270342	geckodriver	INFO	Listening on 127.0.0.1:54803
1608707273387	mozrunner::runner	INFO	Running command: "C:\\Program Files\\Mozilla Firefox\\firefox.exe" "--marionette" "-foreground" "-no-remote" "-profile" "C:\\Users\\ochoa\\AppData\\Local\\Temp\\rust_mozprofileJ07Nvo"
Can't find symbol 'eglSwapBuffersWithDamageEXT'.
Can't find symbol 'eglSetDamageRegionKHR'.
console.warn: SearchSettings: "get: No settings file exists, new profile?" (new Error("", "(unknown module)"))
1608707275356	Marionette	INFO	Listening on port 54814
1608707275427	Marionette	WARN	TLS certificate errors will be ignored for this session
1608707276508	Marionette	INFO	Stopped listening on port 54814
1608707297430	geckodriver	INFO	Listening on 127.0.0.1:54875
1608707300500	mozrunner::runner	INFO	Running command: "C:\\Program Files\\Mozilla Firefox\\firefox.exe" "--marionette" "-foreground" "-no-remote" "-profile" "C:\\Users\\ochoa\\AppData\\Local\\Temp\\rust_mozprofile7cnhc2"
Can't find symbol 'eglSwapBuffersWithDamageEXT'.
Can't find symbol 'eglSetDamageRegionKHR'.
console.warn: SearchSettings: "get: No settings file exists, new profile?" (new Error("", "(unknown module)"))
1608707302442	Marionette	INFO	Listening on port 54886
1608707302524	Marionette	WARN	TLS certificate errors will be ignored for this session
1608707303620	Marionette	INFO	Stopped listening on port 54886
JavaScript error: resource://activity-stream/lib/ASRouter.jsm, line 987: NS_ERROR_ILLEGAL_VALUE: Component returned failure code: 0x80070057 (NS_ERROR_ILLEGAL_VALUE) [nsIObserverService.removeObserver]
console.warn: services.settings: main/whats-new-panel sync interrupted by shutdown

###!!! [Child][RunMessage] Error: Channel closing: too late to send/recv, messages will be lost

1608707321298	geckodriver	INFO	Listening on 127.0.0.1:54952
1608707324367	mozrunner::runner	INFO	Running command: "C:\\Program Files\\Mozilla Firefox\\firefox.exe" "--marionette" "-foreground" "-no-remote" "-profile" "C:\\Users\\ochoa\\AppData\\Local\\Temp\\rust_mozprofileOt3dby"
Can't find symbol 'eglSwapBuffersWithDamageEXT'.
Can't find symbol 'eglSetDamageRegionKHR'.
console.warn: SearchSettings: "get: No settings file exists, new profile?" (new Error("", "(unknown module)"))
1608707326290	Marionette	INFO	Listening on port 54961
1608707326402	Marionette	WARN	TLS certificate errors will be ignored for this session
1608707327450	Marionette	INFO	Stopped listening on port 54961
JavaScript error: resource://activity-stream/lib/ASRouter.jsm, line 987: NS_ERROR_ILLEGAL_VALUE: Component returned failure code: 0x80070057 (NS_ERROR_ILLEGAL_VALUE) [nsIObserverService.removeObserver]

###!!! [Child][RunMessage] Error: Channel closing: too late to send/recv, messages will be lost

1608707357482	geckodriver	INFO	Listening on 127.0.0.1:55038
1608707360548	mozrunner::runner	INFO	Running command: "C:\\Program Files\\Mozilla Firefox\\firefox.exe" "--marionette" "-foreground" "-no-remote" "-profile" "C:\\Users\\ochoa\\AppData\\Local\\Temp\\rust_mozprofileqMG5RJ"
Can't find symbol 'eglSwapBuffersWithDamageEXT'.
Can't find symbol 'eglSetDamageRegionKHR'.
console.warn: SearchSettings: "get: No settings file exists, new profile?" (new Error("", "(unknown module)"))
1608707362514	Marionette	INFO	Listening on port 55047
1608707362575	Marionette	WARN	TLS certificate errors will be ignored for this session
1608707363680	Marionette	INFO	Stopped listening on port 55047

###!!! [Child][RunMessage] Error: Channel closing: too late to send/recv, messages will be lost

1608707374989	geckodriver	INFO	Listening on 127.0.0.1:55116
1608707378046	mozrunner::runner	INFO	Running command: "C:\\Program Files\\Mozilla Firefox\\firefox.exe" "--marionette" "-foreground" "-no-remote" "-profile" "C:\\Users\\ochoa\\AppData\\Local\\Temp\\rust_mozprofileF8SnUQ"
Can't find symbol 'eglSwapBuffersWithDamageEXT'.
Can't find symbol 'eglSetDamageRegionKHR'.
console.warn: SearchSettings: "get: No settings file exists, new profile?" (new Error("", "(unknown module)"))
1608707380021	Marionette	INFO	Listening on port 55130
1608707380074	Marionette	WARN	TLS certificate errors will be ignored for this session
1608707381195	Marionette	INFO	Stopped listening on port 55130
JavaScript error: resource://activity-stream/lib/ASRouter.jsm, line 987: NS_ERROR_ILLEGAL_VALUE: Component returned failure code: 0x80070057 (NS_ERROR_ILLEGAL_VALUE) [nsIObserverService.removeObserver]
console.warn: services.settings: main/whats-new-panel sync interrupted by shutdown
1608707417153	geckodriver	INFO	Listening on 127.0.0.1:55213
1608707420226	mozrunner::runner	INFO	Running command: "C:\\Program Files\\Mozilla Firefox\\firefox.exe" "--marionette" "-foreground" "-no-remote" "-profile" "C:\\Users\\ochoa\\AppData\\Local\\Temp\\rust_mozprofilef5cTQb"
Can't find symbol 'eglSwapBuffersWithDamageEXT'.
Can't find symbol 'eglSetDamageRegionKHR'.
console.warn: SearchSettings: "get: No settings file exists, new profile?" (new Error("", "(unknown module)"))
1608707422262	Marionette	INFO	Listening on port 55222
1608707422356	Marionette	WARN	TLS certificate errors will be ignored for this session
1608707423408	Marionette	INFO	Stopped listening on port 55222

###!!! [Child][RunMessage] Error: Channel closing: too late to send/recv, messages will be lost

1608707794260	geckodriver	INFO	Listening on 127.0.0.1:55527
1608707797309	mozrunner::runner	INFO	Running command: "C:\\Program Files\\Mozilla Firefox\\firefox.exe" "--marionette" "-foreground" "-no-remote" "-profile" "C:\\Users\\ochoa\\AppData\\Local\\Temp\\rust_mozprofileuj1AJ5"
Can't find symbol 'eglSwapBuffersWithDamageEXT'.
Can't find symbol 'eglSetDamageRegionKHR'.
console.warn: SearchSettings: "get: No settings file exists, new profile?" (new Error("", "(unknown module)"))
1608707799232	Marionette	INFO	Listening on port 55536
1608707799345	Marionette	WARN	TLS certificate errors will be ignored for this session
1608707800463	Marionette	INFO	Stopped listening on port 55536
JavaScript error: resource://activity-stream/lib/ASRouter.jsm, line 987: NS_ERROR_ILLEGAL_VALUE: Component returned failure code: 0x80070057 (NS_ERROR_ILLEGAL_VALUE) [nsIObserverService.removeObserver]
console.error: services.settings: 
  main/whats-new-panel Signature failed  TypeError: NetworkError when attempting to fetch resource.

###!!! [Child][RunMessage] Error: Channel closing: too late to send/recv, messages will be lost

1608707885959	geckodriver	INFO	Listening on 127.0.0.1:55642
1608707889018	mozrunner::runner	INFO	Running command: "C:\\Program Files\\Mozilla Firefox\\firefox.exe" "--marionette" "-foreground" "-no-remote" "-profile" "C:\\Users\\ochoa\\AppData\\Local\\Temp\\rust_mozprofileDu6S6x"
Can't find symbol 'eglSwapBuffersWithDamageEXT'.
Can't find symbol 'eglSetDamageRegionKHR'.
console.warn: SearchSettings: "get: No settings file exists, new profile?" (new Error("", "(unknown module)"))
1608707891057	Marionette	INFO	Listening on port 55652
1608707891152	Marionette	WARN	TLS certificate errors will be ignored for this session
1608707892237	Marionette	INFO	Stopped listening on port 55652

###!!! [Child][RunMessage] Error: Channel closing: too late to send/recv, messages will be lost

1608707991693	geckodriver	INFO	Listening on 127.0.0.1:55767
1608707994749	mozrunner::runner	INFO	Running command: "C:\\Program Files\\Mozilla Firefox\\firefox.exe" "--marionette" "-foreground" "-no-remote" "-profile" "C:\\Users\\ochoa\\AppData\\Local\\Temp\\rust_mozprofileeaRV9M"
Can't find symbol 'eglSwapBuffersWithDamageEXT'.
Can't find symbol 'eglSetDamageRegionKHR'.
console.warn: SearchSettings: "get: No settings file exists, new profile?" (new Error("", "(unknown module)"))
1608707996695	Marionette	INFO	Listening on port 55777
1608707996773	Marionette	WARN	TLS certificate errors will be ignored for this session
1608707998065	Marionette	INFO	Stopped listening on port 55777
JavaScript error: resource://activity-stream/lib/ASRouter.jsm, line 987: NS_ERROR_ILLEGAL_VALUE: Component returned failure code: 0x80070057 (NS_ERROR_ILLEGAL_VALUE) [nsIObserverService.removeObserver]

###!!! [Child][RunMessage] Error: Channel closing: too late to send/recv, messages will be lost

1608708021140	geckodriver	INFO	Listening on 127.0.0.1:55864
1608708024195	mozrunner::runner	INFO	Running command: "C:\\Program Files\\Mozilla Firefox\\firefox.exe" "--marionette" "-foreground" "-no-remote" "-profile" "C:\\Users\\ochoa\\AppData\\Local\\Temp\\rust_mozprofilei4Dbu1"
Can't find symbol 'eglSwapBuffersWithDamageEXT'.
Can't find symbol 'eglSetDamageRegionKHR'.
console.warn: SearchSettings: "get: No settings file exists, new profile?" (new Error("", "(unknown module)"))
1608708026144	Marionette	INFO	Listening on port 55874
[Parent 13888, Gecko_IOThread] WARNING: file /builds/worker/checkouts/gecko/ipc/chromium/src/base/process_util_win.cc:166
1608708026252	Marionette	WARN	TLS certificate errors will be ignored for this session
1608708027367	Marionette	INFO	Stopped listening on port 55874
JavaScript error: resource://activity-stream/lib/ASRouter.jsm, line 987: NS_ERROR_ILLEGAL_VALUE: Component returned failure code: 0x80070057 (NS_ERROR_ILLEGAL_VALUE) [nsIObserverService.removeObserver]
console.warn: services.settings: main/whats-new-panel sync interrupted by shutdown

###!!! [Child][RunMessage] Error: Channel closing: too late to send/recv, messages will be lost

1608708049437	geckodriver	INFO	Listening on 127.0.0.1:55942
1608708052494	mozrunner::runner	INFO	Running command: "C:\\Program Files\\Mozilla Firefox\\firefox.exe" "--marionette" "-foreground" "-no-remote" "-profile" "C:\\Users\\ochoa\\AppData\\Local\\Temp\\rust_mozprofileQ6rW6Q"
Can't find symbol 'eglSwapBuffersWithDamageEXT'.
Can't find symbol 'eglSetDamageRegionKHR'.
console.warn: SearchSettings: "get: No settings file exists, new profile?" (new Error("", "(unknown module)"))
1608708054515	Marionette	INFO	Listening on port 55951
1608708054614	Marionette	WARN	TLS certificate errors will be ignored for this session
1608708055813	Marionette	INFO	Stopped listening on port 55951

###!!! [Child][RunMessage] Error: Channel closing: too late to send/recv, messages will be lost

1608708423069	geckodriver	INFO	Listening on 127.0.0.1:56304
1608708426119	mozrunner::runner	INFO	Running command: "C:\\Program Files\\Mozilla Firefox\\firefox.exe" "--marionette" "-foreground" "-no-remote" "-profile" "C:\\Users\\ochoa\\AppData\\Local\\Temp\\rust_mozprofilejDlHQU"
Can't find symbol 'eglSwapBuffersWithDamageEXT'.
Can't find symbol 'eglSetDamageRegionKHR'.
console.warn: SearchSettings: "get: No settings file exists, new profile?" (new Error("", "(unknown module)"))
1608708428151	Marionette	INFO	Listening on port 56315
1608708428243	Marionette	WARN	TLS certificate errors will be ignored for this session
1608708429505	Marionette	INFO	Stopped listening on port 56315
JavaScript error: resource:///actors/ContentMetaChild.jsm, line 179: InvalidStateError: JSWindowActorChild.sendAsyncMessage: JSWindowActorChild cannot send at the moment

###!!! [Child][RunMessage] Error: Channel closing: too late to send/recv, messages will be lost

1608708470463	geckodriver	INFO	Listening on 127.0.0.1:56395
1608708473513	mozrunner::runner	INFO	Running command: "C:\\Program Files\\Mozilla Firefox\\firefox.exe" "--marionette" "-foreground" "-no-remote" "-profile" "C:\\Users\\ochoa\\AppData\\Local\\Temp\\rust_mozprofileoQ6vFJ"
Can't find symbol 'eglSwapBuffersWithDamageEXT'.
Can't find symbol 'eglSetDamageRegionKHR'.
console.warn: SearchSettings: "get: No settings file exists, new profile?" (new Error("", "(unknown module)"))
1608708475545	Marionette	INFO	Listening on port 56405
1608708475634	Marionette	WARN	TLS certificate errors will be ignored for this session
1608708476818	Marionette	INFO	Stopped listening on port 56405

###!!! [Child][RunMessage] Error: Channel closing: too late to send/recv, messages will be lost

1608708527623	geckodriver	INFO	Listening on 127.0.0.1:56485
1608708530689	mozrunner::runner	INFO	Running command: "C:\\Program Files\\Mozilla Firefox\\firefox.exe" "--marionette" "-foreground" "-no-remote" "-profile" "C:\\Users\\ochoa\\AppData\\Local\\Temp\\rust_mozprofilej4zt6z"
Can't find symbol 'eglSwapBuffersWithDamageEXT'.
Can't find symbol 'eglSetDamageRegionKHR'.
console.warn: SearchSettings: "get: No settings file exists, new profile?" (new Error("", "(unknown module)"))
1608708532903	Marionette	INFO	Listening on port 56494
1608708533323	Marionette	WARN	TLS certificate errors will be ignored for this session
1608708534502	Marionette	INFO	Stopped listening on port 56494

###!!! [Child][RunMessage] Error: Channel closing: too late to send/recv, messages will be lost

1608708738791	geckodriver	INFO	Listening on 127.0.0.1:56723
1608708741872	mozrunner::runner	INFO	Running command: "C:\\Program Files\\Mozilla Firefox\\firefox.exe" "--marionette" "-foreground" "-no-remote" "-profile" "C:\\Users\\ochoa\\AppData\\Local\\Temp\\rust_mozprofiledN0XfU"
Can't find symbol 'eglSwapBuffersWithDamageEXT'.
Can't find symbol 'eglSetDamageRegionKHR'.
console.warn: SearchSettings: "get: No settings file exists, new profile?" (new Error("", "(unknown module)"))
1608708743813	Marionette	INFO	Listening on port 56734
1608708743893	Marionette	WARN	TLS certificate errors will be ignored for this session
1608708745049	Marionette	INFO	Stopped listening on port 56734

###!!! [Child][RunMessage] Error: Channel closing: too late to send/recv, messages will be lost

1608708758414	geckodriver	INFO	Listening on 127.0.0.1:56798
1608708761464	mozrunner::runner	INFO	Running command: "C:\\Program Files\\Mozilla Firefox\\firefox.exe" "--marionette" "-foreground" "-no-remote" "-profile" "C:\\Users\\ochoa\\AppData\\Local\\Temp\\rust_mozprofilelMZeG7"
Can't find symbol 'eglSwapBuffersWithDamageEXT'.
Can't find symbol 'eglSetDamageRegionKHR'.
console.warn: SearchSettings: "get: No settings file exists, new profile?" (new Error("", "(unknown module)"))
1608708763392	Marionette	INFO	Listening on port 56808
1608708763490	Marionette	WARN	TLS certificate errors will be ignored for this session
1608708766262	Marionette	INFO	Stopped listening on port 56808

###!!! [Child][RunMessage] Error: Channel closing: too late to send/recv, messages will be lost

1608708829153	geckodriver	INFO	Listening on 127.0.0.1:56920
1608708832207	mozrunner::runner	INFO	Running command: "C:\\Program Files\\Mozilla Firefox\\firefox.exe" "--marionette" "-foreground" "-no-remote" "-profile" "C:\\Users\\ochoa\\AppData\\Local\\Temp\\rust_mozprofilekR4Glq"
Can't find symbol 'eglSwapBuffersWithDamageEXT'.
Can't find symbol 'eglSetDamageRegionKHR'.
console.warn: SearchSettings: "get: No settings file exists, new profile?" (new Error("", "(unknown module)"))
1608708834133	Marionette	INFO	Listening on port 56929
1608708834233	Marionette	WARN	TLS certificate errors will be ignored for this session
1608708836686	Marionette	INFO	Stopped listening on port 56929

###!!! [Child][RunMessage] Error: Channel closing: too late to send/recv, messages will be lost

1608709007592	geckodriver	INFO	Listening on 127.0.0.1:57121
1608709010653	mozrunner::runner	INFO	Running command: "C:\\Program Files\\Mozilla Firefox\\firefox.exe" "--marionette" "-foreground" "-no-remote" "-profile" "C:\\Users\\ochoa\\AppData\\Local\\Temp\\rust_mozprofilecj2Z60"
Can't find symbol 'eglSwapBuffersWithDamageEXT'.
Can't find symbol 'eglSetDamageRegionKHR'.
console.warn: SearchSettings: "get: No settings file exists, new profile?" (new Error("", "(unknown module)"))
1608709012558	Marionette	INFO	Listening on port 57130
1608709012672	Marionette	WARN	TLS certificate errors will be ignored for this session
1608709014948	Marionette	INFO	Stopped listening on port 57130

###!!! [Child][RunMessage] Error: Channel closing: too late to send/recv, messages will be lost

1608709029704	geckodriver	INFO	Listening on 127.0.0.1:57205
1608709032751	mozrunner::runner	INFO	Running command: "C:\\Program Files\\Mozilla Firefox\\firefox.exe" "--marionette" "-foreground" "-no-remote" "-profile" "C:\\Users\\ochoa\\AppData\\Local\\Temp\\rust_mozprofileYhS5ld"
Can't find symbol 'eglSwapBuffersWithDamageEXT'.
Can't find symbol 'eglSetDamageRegionKHR'.
console.warn: SearchSettings: "get: No settings file exists, new profile?" (new Error("", "(unknown module)"))
1608709034813	Marionette	INFO	Listening on port 57214
1608709034884	Marionette	WARN	TLS certificate errors will be ignored for this session
1608709037511	Marionette	INFO	Stopped listening on port 57214

###!!! [Child][RunMessage] Error: Channel closing: too late to send/recv, messages will be lost

1608709286396	geckodriver	INFO	Listening on 127.0.0.1:57451
1608709289453	mozrunner::runner	INFO	Running command: "C:\\Program Files\\Mozilla Firefox\\firefox.exe" "--marionette" "-foreground" "-no-remote" "-profile" "C:\\Users\\ochoa\\AppData\\Local\\Temp\\rust_mozprofileI8XTOR"
Can't find symbol 'eglSwapBuffersWithDamageEXT'.
Can't find symbol 'eglSetDamageRegionKHR'.
console.warn: SearchSettings: "get: No settings file exists, new profile?" (new Error("", "(unknown module)"))
1608709291430	Marionette	INFO	Listening on port 57463
1608709291485	Marionette	WARN	TLS certificate errors will be ignored for this session
1608709295103	Marionette	INFO	Stopped listening on port 57463

###!!! [Child][MessageChannel] Error: (msgtype=0x5B000A,name=PHttpChannel::Msg_DeletingChannel) Channel closing: too late to send/recv, messages will be lost


###!!! [Child][RunMessage] Error: Channel closing: too late to send/recv, messages will be lost

1608709338307	geckodriver	INFO	Listening on 127.0.0.1:57563
1608709341366	mozrunner::runner	INFO	Running command: "C:\\Program Files\\Mozilla Firefox\\firefox.exe" "--marionette" "-foreground" "-no-remote" "-profile" "C:\\Users\\ochoa\\AppData\\Local\\Temp\\rust_mozprofile7d96g2"
Can't find symbol 'eglSwapBuffersWithDamageEXT'.
Can't find symbol 'eglSetDamageRegionKHR'.
console.warn: SearchSettings: "get: No settings file exists, new profile?" (new Error("", "(unknown module)"))
1608709343314	Marionette	INFO	Listening on port 57572
1608709343386	Marionette	WARN	TLS certificate errors will be ignored for this session
1608709347252	Marionette	INFO	Stopped listening on port 57572

###!!! [Child][RunMessage] Error: Channel closing: too late to send/recv, messages will be lost

1608709354050	geckodriver	INFO	Listening on 127.0.0.1:57645
1608709357127	mozrunner::runner	INFO	Running command: "C:\\Program Files\\Mozilla Firefox\\firefox.exe" "--marionette" "-foreground" "-no-remote" "-profile" "C:\\Users\\ochoa\\AppData\\Local\\Temp\\rust_mozprofileudmU95"
Can't find symbol 'eglSwapBuffersWithDamageEXT'.
Can't find symbol 'eglSetDamageRegionKHR'.
console.warn: SearchSettings: "get: No settings file exists, new profile?" (new Error("", "(unknown module)"))
1608709359085	Marionette	INFO	Listening on port 57655
1608709359169	Marionette	WARN	TLS certificate errors will be ignored for this session
1608709362479	Marionette	INFO	Stopped listening on port 57655

###!!! [Child][RunMessage] Error: Channel closing: too late to send/recv, messages will be lost

1608709372462	geckodriver	INFO	Listening on 127.0.0.1:57735
1608709375521	mozrunner::runner	INFO	Running command: "C:\\Program Files\\Mozilla Firefox\\firefox.exe" "--marionette" "-foreground" "-no-remote" "-profile" "C:\\Users\\ochoa\\AppData\\Local\\Temp\\rust_mozprofileEeEpIq"
Can't find symbol 'eglSwapBuffersWithDamageEXT'.
Can't find symbol 'eglSetDamageRegionKHR'.
console.warn: SearchSettings: "get: No settings file exists, new profile?" (new Error("", "(unknown module)"))
1608709377448	Marionette	INFO	Listening on port 57744
1608709377547	Marionette	WARN	TLS certificate errors will be ignored for this session
1608709382110	Marionette	INFO	Stopped listening on port 57744

###!!! [Child][RunMessage] Error: Channel closing: too late to send/recv, messages will be lost

1608709538324	geckodriver	INFO	Listening on 127.0.0.1:57908
1608709541387	mozrunner::runner	INFO	Running command: "C:\\Program Files\\Mozilla Firefox\\firefox.exe" "--marionette" "-foreground" "-no-remote" "-profile" "C:\\Users\\ochoa\\AppData\\Local\\Temp\\rust_mozprofileR9U37N"
Can't find symbol 'eglSwapBuffersWithDamageEXT'.
Can't find symbol 'eglSetDamageRegionKHR'.
console.warn: SearchSettings: "get: No settings file exists, new profile?" (new Error("", "(unknown module)"))
1608709543446	Marionette	INFO	Listening on port 57918
1608709543517	Marionette	WARN	TLS certificate errors will be ignored for this session
1608709546932	Marionette	INFO	Stopped listening on port 57918
1608709637318	geckodriver	INFO	Listening on 127.0.0.1:58077
1608709640366	mozrunner::runner	INFO	Running command: "C:\\Program Files\\Mozilla Firefox\\firefox.exe" "--marionette" "-foreground" "-no-remote" "-profile" "C:\\Users\\ochoa\\AppData\\Local\\Temp\\rust_mozprofileoAW5Ea"
Can't find symbol 'eglSwapBuffersWithDamageEXT'.
Can't find symbol 'eglSetDamageRegionKHR'.
console.warn: SearchSettings: "get: No settings file exists, new profile?" (new Error("", "(unknown module)"))
1608709642314	Marionette	INFO	Listening on port 58087
1608709642386	Marionette	WARN	TLS certificate errors will be ignored for this session
1608709645513	Marionette	INFO	Stopped listening on port 58087

###!!! [Child][RunMessage] Error: Channel closing: too late to send/recv, messages will be lost

1608709840264	geckodriver	INFO	Listening on 127.0.0.1:58265
1608709843320	mozrunner::runner	INFO	Running command: "C:\\Program Files\\Mozilla Firefox\\firefox.exe" "--marionette" "-foreground" "-no-remote" "-profile" "C:\\Users\\ochoa\\AppData\\Local\\Temp\\rust_mozprofilei1cFJc"
Can't find symbol 'eglSwapBuffersWithDamageEXT'.
Can't find symbol 'eglSetDamageRegionKHR'.
console.warn: SearchSettings: "get: No settings file exists, new profile?" (new Error("", "(unknown module)"))
1608709845295	Marionette	INFO	Listening on port 58277
1608709845358	Marionette	WARN	TLS certificate errors will be ignored for this session
1608709848770	Marionette	INFO	Stopped listening on port 58277

###!!! [Child][RunMessage] Error: Channel closing: too late to send/recv, messages will be lost

1608709877646	geckodriver	INFO	Listening on 127.0.0.1:58363
1608709880711	mozrunner::runner	INFO	Running command: "C:\\Program Files\\Mozilla Firefox\\firefox.exe" "--marionette" "-foreground" "-no-remote" "-profile" "C:\\Users\\ochoa\\AppData\\Local\\Temp\\rust_mozprofile8rcZ2j"
Can't find symbol 'eglSwapBuffersWithDamageEXT'.
Can't find symbol 'eglSetDamageRegionKHR'.
console.warn: SearchSettings: "get: No settings file exists, new profile?" (new Error("", "(unknown module)"))
1608709882650	Marionette	INFO	Listening on port 58372
1608709882743	Marionette	WARN	TLS certificate errors will be ignored for this session
1608709886164	Marionette	INFO	Stopped listening on port 58372

###!!! [Child][RunMessage] Error: Channel closing: too late to send/recv, messages will be lost

1608710015110	geckodriver	INFO	Listening on 127.0.0.1:58534
1608710018158	mozrunner::runner	INFO	Running command: "C:\\Program Files\\Mozilla Firefox\\firefox.exe" "--marionette" "-foreground" "-no-remote" "-profile" "C:\\Users\\ochoa\\AppData\\Local\\Temp\\rust_mozprofileSObhgh"
Can't find symbol 'eglSwapBuffersWithDamageEXT'.
Can't find symbol 'eglSetDamageRegionKHR'.
console.warn: SearchSettings: "get: No settings file exists, new profile?" (new Error("", "(unknown module)"))
1608710020095	Marionette	INFO	Listening on port 58545
1608710020179	Marionette	WARN	TLS certificate errors will be ignored for this session
1608710023421	Marionette	INFO	Stopped listening on port 58545
1608710159576	geckodriver	INFO	Listening on 127.0.0.1:58698
1608710162635	mozrunner::runner	INFO	Running command: "C:\\Program Files\\Mozilla Firefox\\firefox.exe" "--marionette" "-foreground" "-no-remote" "-profile" "C:\\Users\\ochoa\\AppData\\Local\\Temp\\rust_mozprofileTtUNEI"
Can't find symbol 'eglSwapBuffersWithDamageEXT'.
Can't find symbol 'eglSetDamageRegionKHR'.
console.warn: SearchSettings: "get: No settings file exists, new profile?" (new Error("", "(unknown module)"))
1608710164593	Marionette	INFO	Listening on port 58707
1608710164658	Marionette	WARN	TLS certificate errors will be ignored for this session
1608710184287	Marionette	INFO	Stopped listening on port 58707

###!!! [Child][RunMessage] Error: Channel closing: too late to send/recv, messages will be lost

1608710245308	geckodriver	INFO	Listening on 127.0.0.1:58863
1608710248348	mozrunner::runner	INFO	Running command: "C:\\Program Files\\Mozilla Firefox\\firefox.exe" "--marionette" "-foreground" "-no-remote" "-profile" "C:\\Users\\ochoa\\AppData\\Local\\Temp\\rust_mozprofileQI3JGy"
Can't find symbol 'eglSwapBuffersWithDamageEXT'.
Can't find symbol 'eglSetDamageRegionKHR'.
console.warn: SearchSettings: "get: No settings file exists, new profile?" (new Error("", "(unknown module)"))
1608710250326	Marionette	INFO	Listening on port 58872
1608710250383	Marionette	WARN	TLS certificate errors will be ignored for this session
1608710259785	Marionette	INFO	Stopped listening on port 58872

###!!! [Child][RunMessage] Error: Channel closing: too late to send/recv, messages will be lost

1608710270208	geckodriver	INFO	Listening on 127.0.0.1:58961
1608710273271	mozrunner::runner	INFO	Running command: "C:\\Program Files\\Mozilla Firefox\\firefox.exe" "--marionette" "-foreground" "-no-remote" "-profile" "C:\\Users\\ochoa\\AppData\\Local\\Temp\\rust_mozprofileHrGvxM"
Can't find symbol 'eglSwapBuffersWithDamageEXT'.
Can't find symbol 'eglSetDamageRegionKHR'.
console.warn: SearchSettings: "get: No settings file exists, new profile?" (new Error("", "(unknown module)"))
1608710275119	Marionette	INFO	Listening on port 58970
1608710275292	Marionette	WARN	TLS certificate errors will be ignored for this session
1608710283185	Marionette	INFO	Stopped listening on port 58970
1608710346079	geckodriver	INFO	Listening on 127.0.0.1:59092
1608710349130	mozrunner::runner	INFO	Running command: "C:\\Program Files\\Mozilla Firefox\\firefox.exe" "--marionette" "-foreground" "-no-remote" "-profile" "C:\\Users\\ochoa\\AppData\\Local\\Temp\\rust_mozprofileEkrBEs"
Can't find symbol 'eglSwapBuffersWithDamageEXT'.
Can't find symbol 'eglSetDamageRegionKHR'.
console.warn: SearchSettings: "get: No settings file exists, new profile?" (new Error("", "(unknown module)"))
1608710351154	Marionette	INFO	Listening on port 59102
1608710351263	Marionette	WARN	TLS certificate errors will be ignored for this session
1608710361127	Marionette	INFO	Stopped listening on port 59102

###!!! [Child][RunMessage] Error: Channel closing: too late to send/recv, messages will be lost

